<?xml version="1.0" encoding="UTF-8"?>
<!-- Generated by org.testng.reporters.JUnitReportReporter -->
<testsuite hostname="sudersh100p36" name="MyFirstFramework.HomePage" tests="1" failures="0" timestamp="24 Sep 2018 11:31:37 GMT" time="20.409" errors="0">
  <testcase name="basePageNavigation" time="20.409" classname="MyFirstFramework.HomePage"/>
</testsuite> <!-- MyFirstFramework.HomePage -->
