<?xml version="1.0" encoding="UTF-8"?>
<!-- Generated by org.testng.reporters.JUnitReportReporter -->
<testsuite hostname="sudersh100p36" name="TestCases.DmpVerify" tests="1" failures="0" timestamp="27 Sep 2018 13:00:22 GMT" time="15.002" errors="0">
  <testcase name="basePageNavigation" time="15.002" classname="TestCases.DmpVerify"/>
</testsuite> <!-- TestCases.DmpVerify -->
