<?xml version="1.0" encoding="UTF-8"?>
<!-- Generated by org.testng.reporters.JUnitReportReporter -->
<testsuite hostname="sudersh100p36" name="TestCases.FindUserType" tests="1" failures="0" timestamp="24 Sep 2018 12:18:57 GMT" time="20.358" errors="0">
  <testcase name="basePageNavigation" time="20.358" classname="TestCases.FindUserType"/>
</testsuite> <!-- TestCases.FindUserType -->
